<?xml version="1.0" encoding="UTF-8"?>
<coverage generated="1770645680926" clover="3.2.0">
  <project timestamp="1770645680926" name="All files">
    <metrics statements="68" coveredstatements="57" conditionals="45" coveredconditionals="33" methods="30" coveredmethods="26" elements="143" coveredelements="116" complexity="0" loc="68" ncloc="68" packages="14" files="14" classes="14"/>
    <package name="api">
      <metrics statements="7" coveredstatements="1" conditionals="4" coveredconditionals="0" methods="2" coveredmethods="0"/>
      <file name="dashboard.ts" path="/Volumes/T9 APFS/code/acm/poc/src/api/dashboard.ts">
        <metrics statements="7" coveredstatements="1" conditionals="4" coveredconditionals="0" methods="2" coveredmethods="0"/>
        <line num="3" count="1" type="stmt"/>
        <line num="6" count="0" type="stmt"/>
        <line num="7" count="0" type="cond" truecount="0" falsecount="2"/>
        <line num="8" count="0" type="stmt"/>
        <line num="12" count="0" type="stmt"/>
        <line num="13" count="0" type="cond" truecount="0" falsecount="2"/>
        <line num="14" count="0" type="stmt"/>
      </file>
    </package>
    <package name="components.BookCard">
      <metrics statements="1" coveredstatements="1" conditionals="0" coveredconditionals="0" methods="1" coveredmethods="1"/>
      <file name="BookCard.tsx" path="/Volumes/T9 APFS/code/acm/poc/src/components/BookCard/BookCard.tsx">
        <metrics statements="1" coveredstatements="1" conditionals="0" coveredconditionals="0" methods="1" coveredmethods="1"/>
        <line num="10" count="2" type="stmt"/>
      </file>
    </package>
    <package name="components.BooksSection">
      <metrics statements="3" coveredstatements="3" conditionals="0" coveredconditionals="0" methods="3" coveredmethods="3"/>
      <file name="BooksSection.tsx" path="/Volumes/T9 APFS/code/acm/poc/src/components/BooksSection/BooksSection.tsx">
        <metrics statements="3" coveredstatements="3" conditionals="0" coveredconditionals="0" methods="3" coveredmethods="3"/>
        <line num="14" count="2" type="stmt"/>
        <line num="26" count="1" type="stmt"/>
        <line num="32" count="1" type="stmt"/>
      </file>
    </package>
    <package name="components.ChartThumbnail">
      <metrics statements="22" coveredstatements="19" conditionals="19" coveredconditionals="17" methods="2" coveredmethods="2"/>
      <file name="ChartThumbnail.tsx" path="/Volumes/T9 APFS/code/acm/poc/src/components/ChartThumbnail/ChartThumbnail.tsx">
        <metrics statements="22" coveredstatements="19" conditionals="19" coveredconditionals="17" methods="2" coveredmethods="2"/>
        <line num="18" count="8" type="stmt"/>
        <line num="30" count="8" type="stmt"/>
        <line num="40" count="8" type="stmt"/>
        <line num="54" count="8" type="stmt"/>
        <line num="65" count="8" type="stmt"/>
        <line num="76" count="8" type="stmt"/>
        <line num="90" count="13" type="stmt"/>
        <line num="92" count="13" type="cond" truecount="4" falsecount="0"/>
        <line num="93" count="2" type="stmt"/>
        <line num="98" count="12" type="stmt"/>
        <line num="111" count="11" type="cond" truecount="2" falsecount="0"/>
        <line num="112" count="7" type="stmt"/>
        <line num="119" count="4" type="cond" truecount="2" falsecount="0"/>
        <line num="120" count="2" type="stmt"/>
        <line num="136" count="2" type="cond" truecount="2" falsecount="0"/>
        <line num="137" count="1" type="stmt"/>
        <line num="150" count="1" type="cond" truecount="1" falsecount="1"/>
        <line num="151" count="0" type="stmt"/>
        <line num="164" count="0" type="stmt"/>
        <line num="171" count="1" type="cond" truecount="1" falsecount="1"/>
        <line num="172" count="0" type="stmt"/>
        <line num="187" count="1" type="stmt"/>
      </file>
    </package>
    <package name="components.ChatWidget">
      <metrics statements="6" coveredstatements="4" conditionals="2" coveredconditionals="2" methods="4" coveredmethods="2"/>
      <file name="ChatWidget.tsx" path="/Volumes/T9 APFS/code/acm/poc/src/components/ChatWidget/ChatWidget.tsx">
        <metrics statements="6" coveredstatements="4" conditionals="2" coveredconditionals="2" methods="4" coveredmethods="2"/>
        <line num="6" count="2" type="stmt"/>
        <line num="7" count="2" type="stmt"/>
        <line num="9" count="2" type="stmt"/>
        <line num="14" count="1" type="stmt"/>
        <line num="26" count="0" type="stmt"/>
        <line num="44" count="0" type="stmt"/>
      </file>
    </package>
    <package name="components.ContentCard">
      <metrics statements="5" coveredstatements="5" conditionals="2" coveredconditionals="1" methods="3" coveredmethods="3"/>
      <file name="ContentCard.tsx" path="/Volumes/T9 APFS/code/acm/poc/src/components/ContentCard/ContentCard.tsx">
        <metrics statements="5" coveredstatements="5" conditionals="2" coveredconditionals="1" methods="3" coveredmethods="3"/>
        <line num="9" count="3" type="stmt"/>
        <line num="18" count="4" type="cond" truecount="1" falsecount="1"/>
        <line num="22" count="4" type="stmt"/>
        <line num="24" count="4" type="stmt"/>
        <line num="35" count="4" type="stmt"/>
      </file>
    </package>
    <package name="components.ContentLibrary">
      <metrics statements="3" coveredstatements="3" conditionals="0" coveredconditionals="0" methods="3" coveredmethods="3"/>
      <file name="ContentLibrary.tsx" path="/Volumes/T9 APFS/code/acm/poc/src/components/ContentLibrary/ContentLibrary.tsx">
        <metrics statements="3" coveredstatements="3" conditionals="0" coveredconditionals="0" methods="3" coveredmethods="3"/>
        <line num="13" count="2" type="stmt"/>
        <line num="25" count="1" type="stmt"/>
        <line num="31" count="1" type="stmt"/>
      </file>
    </package>
    <package name="components.Header">
      <metrics statements="4" coveredstatements="4" conditionals="4" coveredconditionals="3" methods="2" coveredmethods="2"/>
      <file name="Header.tsx" path="/Volumes/T9 APFS/code/acm/poc/src/components/Header/Header.tsx">
        <metrics statements="4" coveredstatements="4" conditionals="4" coveredconditionals="3" methods="2" coveredmethods="2"/>
        <line num="6" count="2" type="stmt"/>
        <line num="20" count="3" type="stmt"/>
        <line num="22" count="3" type="stmt"/>
        <line num="32" count="18" type="stmt"/>
      </file>
    </package>
    <package name="components.Layout">
      <metrics statements="1" coveredstatements="1" conditionals="2" coveredconditionals="1" methods="1" coveredmethods="1"/>
      <file name="Layout.tsx" path="/Volumes/T9 APFS/code/acm/poc/src/components/Layout/Layout.tsx">
        <metrics statements="1" coveredstatements="1" conditionals="2" coveredconditionals="1" methods="1" coveredmethods="1"/>
        <line num="13" count="1" type="stmt"/>
      </file>
    </package>
    <package name="components.ScheduledItem">
      <metrics statements="2" coveredstatements="2" conditionals="0" coveredconditionals="0" methods="1" coveredmethods="1"/>
      <file name="ScheduledItem.tsx" path="/Volumes/T9 APFS/code/acm/poc/src/components/ScheduledItem/ScheduledItem.tsx">
        <metrics statements="2" coveredstatements="2" conditionals="0" coveredconditionals="0" methods="1" coveredmethods="1"/>
        <line num="9" count="2" type="stmt"/>
        <line num="10" count="2" type="stmt"/>
      </file>
    </package>
    <package name="components.TemplateCard">
      <metrics statements="4" coveredstatements="4" conditionals="2" coveredconditionals="1" methods="3" coveredmethods="3"/>
      <file name="TemplateCard.tsx" path="/Volumes/T9 APFS/code/acm/poc/src/components/TemplateCard/TemplateCard.tsx">
        <metrics statements="4" coveredstatements="4" conditionals="2" coveredconditionals="1" methods="3" coveredmethods="3"/>
        <line num="9" count="3" type="stmt"/>
        <line num="20" count="2" type="cond" truecount="1" falsecount="1"/>
        <line num="24" count="3" type="stmt"/>
        <line num="35" count="2" type="stmt"/>
      </file>
    </package>
    <package name="components.TemplatesSection">
      <metrics statements="3" coveredstatements="3" conditionals="0" coveredconditionals="0" methods="3" coveredmethods="3"/>
      <file name="TemplatesSection.tsx" path="/Volumes/T9 APFS/code/acm/poc/src/components/TemplatesSection/TemplatesSection.tsx">
        <metrics statements="3" coveredstatements="3" conditionals="0" coveredconditionals="0" methods="3" coveredmethods="3"/>
        <line num="13" count="2" type="stmt"/>
        <line num="25" count="1" type="stmt"/>
        <line num="31" count="1" type="stmt"/>
      </file>
    </package>
    <package name="components.WelcomeArea">
      <metrics statements="1" coveredstatements="1" conditionals="0" coveredconditionals="0" methods="1" coveredmethods="1"/>
      <file name="WelcomeArea.tsx" path="/Volumes/T9 APFS/code/acm/poc/src/components/WelcomeArea/WelcomeArea.tsx">
        <metrics statements="1" coveredstatements="1" conditionals="0" coveredconditionals="0" methods="1" coveredmethods="1"/>
        <line num="9" count="2" type="stmt"/>
      </file>
    </package>
    <package name="pages.Home">
      <metrics statements="6" coveredstatements="6" conditionals="10" coveredconditionals="8" methods="1" coveredmethods="1"/>
      <file name="Home.tsx" path="/Volumes/T9 APFS/code/acm/poc/src/pages/Home/Home.tsx">
        <metrics statements="6" coveredstatements="6" conditionals="10" coveredconditionals="8" methods="1" coveredmethods="1"/>
        <line num="9" count="3" type="stmt"/>
        <line num="11" count="3" type="cond" truecount="2" falsecount="0"/>
        <line num="12" count="1" type="stmt"/>
        <line num="21" count="2" type="cond" truecount="4" falsecount="0"/>
        <line num="22" count="1" type="stmt"/>
        <line num="31" count="1" type="stmt"/>
      </file>
    </package>
  </project>
</coverage>
