{"/Volumes/T9 APFS/code/acm/poc/src/api/dashboard.ts": {"path":"/Volumes/T9 APFS/code/acm/poc/src/api/dashboard.ts","statementMap":{"0":{"start":{"line":3,"column":13},"end":{"line":3,"column":null}},"1":{"start":{"line":6,"column":14},"end":{"line":6,"column":null}},"2":{"start":{"line":7,"column":2},"end":{"line":7,"column":null}},"3":{"start":{"line":7,"column":15},"end":{"line":7,"column":null}},"4":{"start":{"line":8,"column":2},"end":{"line":8,"column":null}},"5":{"start":{"line":12,"column":14},"end":{"line":12,"column":null}},"6":{"start":{"line":13,"column":2},"end":{"line":13,"column":null}},"7":{"start":{"line":13,"column":15},"end":{"line":13,"column":null}},"8":{"start":{"line":14,"column":2},"end":{"line":14,"column":null}}},"fnMap":{"0":{"name":"fetchUser","decl":{"start":{"line":5,"column":22},"end":{"line":5,"column":49}},"loc":{"start":{"line":5,"column":49},"end":{"line":9,"column":null}},"line":5},"1":{"name":"fetchDashboard","decl":{"start":{"line":11,"column":22},"end":{"line":11,"column":63}},"loc":{"start":{"line":11,"column":63},"end":{"line":15,"column":null}},"line":11}},"branchMap":{"0":{"loc":{"start":{"line":7,"column":2},"end":{"line":7,"column":null}},"type":"if","locations":[{"start":{"line":7,"column":2},"end":{"line":7,"column":null}},{"start":{},"end":{}}],"line":7},"1":{"loc":{"start":{"line":13,"column":2},"end":{"line":13,"column":null}},"type":"if","locations":[{"start":{"line":13,"column":2},"end":{"line":13,"column":null}},{"start":{},"end":{}}],"line":13}},"s":{"0":1,"1":0,"2":0,"3":0,"4":0,"5":0,"6":0,"7":0,"8":0},"f":{"0":0,"1":0},"b":{"0":[0,0],"1":[0,0]},"meta":{"lastBranch":2,"lastFunction":2,"lastStatement":9,"seen":{"s:3:13:3:Infinity":0,"f:5:22:5:49":0,"s:6:14:6:Infinity":1,"b:7:2:7:Infinity:undefined:undefined:undefined:undefined":0,"s:7:2:7:Infinity":2,"s:7:15:7:Infinity":3,"s:8:2:8:Infinity":4,"f:11:22:11:63":1,"s:12:14:12:Infinity":5,"b:13:2:13:Infinity:undefined:undefined:undefined:undefined":1,"s:13:2:13:Infinity":6,"s:13:15:13:Infinity":7,"s:14:2:14:Infinity":8}}}
,"/Volumes/T9 APFS/code/acm/poc/src/components/BookCard/BookCard.tsx": {"path":"/Volumes/T9 APFS/code/acm/poc/src/components/BookCard/BookCard.tsx","statementMap":{"0":{"start":{"line":10,"column":2},"end":{"line":20,"column":null}}},"fnMap":{"0":{"name":"BookCard","decl":{"start":{"line":9,"column":16},"end":{"line":9,"column":25}},"loc":{"start":{"line":9,"column":50},"end":{"line":22,"column":null}},"line":9}},"branchMap":{},"s":{"0":2},"f":{"0":2},"b":{},"meta":{"lastBranch":0,"lastFunction":1,"lastStatement":1,"seen":{"f:9:16:9:25":0,"s:10:2:20:Infinity":0}}}
,"/Volumes/T9 APFS/code/acm/poc/src/components/BooksSection/BooksSection.tsx": {"path":"/Volumes/T9 APFS/code/acm/poc/src/components/BooksSection/BooksSection.tsx","statementMap":{"0":{"start":{"line":14,"column":2},"end":{"line":35,"column":null}},"1":{"start":{"line":26,"column":10},"end":{"line":26,"column":null}},"2":{"start":{"line":32,"column":10},"end":{"line":32,"column":null}}},"fnMap":{"0":{"name":"BooksSection","decl":{"start":{"line":13,"column":16},"end":{"line":13,"column":29}},"loc":{"start":{"line":13,"column":74},"end":{"line":37,"column":null}},"line":13},"1":{"name":"(anonymous_1)","decl":{"start":{"line":25,"column":23},"end":{"line":25,"column":24}},"loc":{"start":{"line":26,"column":10},"end":{"line":26,"column":null}},"line":26},"2":{"name":"(anonymous_2)","decl":{"start":{"line":31,"column":23},"end":{"line":31,"column":24}},"loc":{"start":{"line":32,"column":10},"end":{"line":32,"column":null}},"line":32}},"branchMap":{},"s":{"0":2,"1":1,"2":1},"f":{"0":2,"1":1,"2":1},"b":{},"meta":{"lastBranch":0,"lastFunction":3,"lastStatement":3,"seen":{"f:13:16:13:29":0,"s:14:2:35:Infinity":0,"f:25:23:25:24":1,"s:26:10:26:Infinity":1,"f:31:23:31:24":2,"s:32:10:32:Infinity":2}}}
,"/Volumes/T9 APFS/code/acm/poc/src/components/ChartThumbnail/ChartThumbnail.tsx": {"path":"/Volumes/T9 APFS/code/acm/poc/src/components/ChartThumbnail/ChartThumbnail.tsx","statementMap":{"0":{"start":{"line":18,"column":0},"end":{"line":28,"column":null}},"1":{"start":{"line":30,"column":21},"end":{"line":30,"column":null}},"2":{"start":{"line":40,"column":17},"end":{"line":52,"column":null}},"3":{"start":{"line":54,"column":16},"end":{"line":63,"column":null}},"4":{"start":{"line":65,"column":16},"end":{"line":74,"column":null}},"5":{"start":{"line":76,"column":21},"end":{"line":87,"column":null}},"6":{"start":{"line":90,"column":8},"end":{"line":90,"column":null}},"7":{"start":{"line":92,"column":2},"end":{"line":109,"column":null}},"8":{"start":{"line":93,"column":4},"end":{"line":107,"column":null}},"9":{"start":{"line":98,"column":14},"end":{"line":98,"column":null}},"10":{"start":{"line":111,"column":2},"end":{"line":117,"column":null}},"11":{"start":{"line":112,"column":4},"end":{"line":115,"column":null}},"12":{"start":{"line":119,"column":2},"end":{"line":134,"column":null}},"13":{"start":{"line":120,"column":4},"end":{"line":132,"column":null}},"14":{"start":{"line":136,"column":2},"end":{"line":148,"column":null}},"15":{"start":{"line":137,"column":4},"end":{"line":146,"column":null}},"16":{"start":{"line":150,"column":2},"end":{"line":169,"column":null}},"17":{"start":{"line":151,"column":28},"end":{"line":163,"column":null}},"18":{"start":{"line":164,"column":4},"end":{"line":167,"column":null}},"19":{"start":{"line":171,"column":2},"end":{"line":185,"column":null}},"20":{"start":{"line":172,"column":4},"end":{"line":183,"column":null}},"21":{"start":{"line":187,"column":2},"end":{"line":190,"column":null}}},"fnMap":{"0":{"name":"ChartThumbnail","decl":{"start":{"line":89,"column":16},"end":{"line":89,"column":31}},"loc":{"start":{"line":89,"column":78},"end":{"line":192,"column":null}},"line":89},"1":{"name":"(anonymous_1)","decl":{"start":{"line":97,"column":44},"end":{"line":97,"column":45}},"loc":{"start":{"line":98,"column":14},"end":{"line":98,"column":null}},"line":98}},"branchMap":{"0":{"loc":{"start":{"line":89,"column":39},"end":{"line":89,"column":54}},"type":"default-arg","locations":[{"start":{"line":89,"column":51},"end":{"line":89,"column":54}}],"line":89},"1":{"loc":{"start":{"line":92,"column":2},"end":{"line":109,"column":null}},"type":"if","locations":[{"start":{"line":92,"column":2},"end":{"line":109,"column":null}},{"start":{},"end":{}}],"line":92},"2":{"loc":{"start":{"line":92,"column":6},"end":{"line":92,"column":44}},"type":"binary-expr","locations":[{"start":{"line":92,"column":6},"end":{"line":92,"column":25}},{"start":{"line":92,"column":25},"end":{"line":92,"column":44}}],"line":92},"3":{"loc":{"start":{"line":95,"column":9},"end":{"line":100,"column":null}},"type":"binary-expr","locations":[{"start":{"line":95,"column":9},"end":{"line":95,"column":null}},{"start":{"line":96,"column":10},"end":{"line":100,"column":null}}],"line":95},"4":{"loc":{"start":{"line":102,"column":9},"end":{"line":105,"column":null}},"type":"binary-expr","locations":[{"start":{"line":102,"column":9},"end":{"line":102,"column":null}},{"start":{"line":103,"column":10},"end":{"line":105,"column":null}}],"line":102},"5":{"loc":{"start":{"line":111,"column":2},"end":{"line":117,"column":null}},"type":"if","locations":[{"start":{"line":111,"column":2},"end":{"line":117,"column":null}},{"start":{},"end":{}}],"line":111},"6":{"loc":{"start":{"line":119,"column":2},"end":{"line":134,"column":null}},"type":"if","locations":[{"start":{"line":119,"column":2},"end":{"line":134,"column":null}},{"start":{},"end":{}}],"line":119},"7":{"loc":{"start":{"line":136,"column":2},"end":{"line":148,"column":null}},"type":"if","locations":[{"start":{"line":136,"column":2},"end":{"line":148,"column":null}},{"start":{},"end":{}}],"line":136},"8":{"loc":{"start":{"line":150,"column":2},"end":{"line":169,"column":null}},"type":"if","locations":[{"start":{"line":150,"column":2},"end":{"line":169,"column":null}},{"start":{},"end":{}}],"line":150},"9":{"loc":{"start":{"line":171,"column":2},"end":{"line":185,"column":null}},"type":"if","locations":[{"start":{"line":171,"column":2},"end":{"line":185,"column":null}},{"start":{},"end":{}}],"line":171}},"s":{"0":8,"1":8,"2":8,"3":8,"4":8,"5":8,"6":13,"7":13,"8":2,"9":12,"10":11,"11":7,"12":4,"13":2,"14":2,"15":1,"16":1,"17":0,"18":0,"19":1,"20":0,"21":1},"f":{"0":13,"1":12},"b":{"0":[13],"1":[2,11],"2":[13,12],"3":[2,1],"4":[2,1],"5":[7,4],"6":[2,2],"7":[1,1],"8":[0,1],"9":[0,1]},"meta":{"lastBranch":10,"lastFunction":2,"lastStatement":22,"seen":{"s:18:0:28:Infinity":0,"s:30:21:30:Infinity":1,"s:40:17:52:Infinity":2,"s:54:16:63:Infinity":3,"s:65:16:74:Infinity":4,"s:76:21:87:Infinity":5,"f:89:16:89:31":0,"b:89:51:89:54":0,"s:90:8:90:Infinity":6,"b:92:2:109:Infinity:undefined:undefined:undefined:undefined":1,"s:92:2:109:Infinity":7,"b:92:6:92:25:92:25:92:44":2,"s:93:4:107:Infinity":8,"b:95:9:95:Infinity:96:10:100:Infinity":3,"f:97:44:97:45":1,"s:98:14:98:Infinity":9,"b:102:9:102:Infinity:103:10:105:Infinity":4,"b:111:2:117:Infinity:undefined:undefined:undefined:undefined":5,"s:111:2:117:Infinity":10,"s:112:4:115:Infinity":11,"b:119:2:134:Infinity:undefined:undefined:undefined:undefined":6,"s:119:2:134:Infinity":12,"s:120:4:132:Infinity":13,"b:136:2:148:Infinity:undefined:undefined:undefined:undefined":7,"s:136:2:148:Infinity":14,"s:137:4:146:Infinity":15,"b:150:2:169:Infinity:undefined:undefined:undefined:undefined":8,"s:150:2:169:Infinity":16,"s:151:28:163:Infinity":17,"s:164:4:167:Infinity":18,"b:171:2:185:Infinity:undefined:undefined:undefined:undefined":9,"s:171:2:185:Infinity":19,"s:172:4:183:Infinity":20,"s:187:2:190:Infinity":21}}}
,"/Volumes/T9 APFS/code/acm/poc/src/components/ChatWidget/ChatWidget.tsx": {"path":"/Volumes/T9 APFS/code/acm/poc/src/components/ChatWidget/ChatWidget.tsx","statementMap":{"0":{"start":{"line":6,"column":22},"end":{"line":6,"column":null}},"1":{"start":{"line":7,"column":24},"end":{"line":7,"column":null}},"2":{"start":{"line":9,"column":2},"end":{"line":53,"column":null}},"3":{"start":{"line":14,"column":23},"end":{"line":14,"column":null}},"4":{"start":{"line":26,"column":29},"end":{"line":26,"column":null}},"5":{"start":{"line":44,"column":31},"end":{"line":44,"column":null}}},"fnMap":{"0":{"name":"ChatWidget","decl":{"start":{"line":5,"column":16},"end":{"line":5,"column":29}},"loc":{"start":{"line":5,"column":29},"end":{"line":55,"column":null}},"line":5},"1":{"name":"(anonymous_1)","decl":{"start":{"line":14,"column":17},"end":{"line":14,"column":23}},"loc":{"start":{"line":14,"column":23},"end":{"line":14,"column":null}},"line":14},"2":{"name":"(anonymous_2)","decl":{"start":{"line":26,"column":23},"end":{"line":26,"column":29}},"loc":{"start":{"line":26,"column":29},"end":{"line":26,"column":null}},"line":26},"3":{"name":"(anonymous_3)","decl":{"start":{"line":44,"column":24},"end":{"line":44,"column":25}},"loc":{"start":{"line":44,"column":31},"end":{"line":44,"column":null}},"line":44}},"branchMap":{"0":{"loc":{"start":{"line":19,"column":7},"end":{"line":51,"column":null}},"type":"binary-expr","locations":[{"start":{"line":19,"column":7},"end":{"line":19,"column":null}},{"start":{"line":20,"column":8},"end":{"line":51,"column":null}}],"line":19}},"s":{"0":2,"1":2,"2":2,"3":1,"4":0,"5":0},"f":{"0":2,"1":1,"2":0,"3":0},"b":{"0":[2,1]},"meta":{"lastBranch":1,"lastFunction":4,"lastStatement":6,"seen":{"f:5:16:5:29":0,"s:6:22:6:Infinity":0,"s:7:24:7:Infinity":1,"s:9:2:53:Infinity":2,"f:14:17:14:23":1,"s:14:23:14:Infinity":3,"b:19:7:19:Infinity:20:8:51:Infinity":0,"f:26:23:26:29":2,"s:26:29:26:Infinity":4,"f:44:24:44:25":3,"s:44:31:44:Infinity":5}}}
,"/Volumes/T9 APFS/code/acm/poc/src/components/ContentCard/ContentCard.tsx": {"path":"/Volumes/T9 APFS/code/acm/poc/src/components/ContentCard/ContentCard.tsx","statementMap":{"0":{"start":{"line":9,"column":42},"end":{"line":15,"column":null}},"1":{"start":{"line":18,"column":2},"end":{"line":18,"column":null}},"2":{"start":{"line":22,"column":15},"end":{"line":22,"column":null}},"3":{"start":{"line":24,"column":2},"end":{"line":46,"column":null}},"4":{"start":{"line":35,"column":12},"end":{"line":37,"column":null}}},"fnMap":{"0":{"name":"getTagClass","decl":{"start":{"line":17,"column":9},"end":{"line":17,"column":21}},"loc":{"start":{"line":17,"column":42},"end":{"line":19,"column":null}},"line":17},"1":{"name":"ContentCard","decl":{"start":{"line":21,"column":16},"end":{"line":21,"column":28}},"loc":{"start":{"line":21,"column":56},"end":{"line":48,"column":null}},"line":21},"2":{"name":"(anonymous_2)","decl":{"start":{"line":34,"column":25},"end":{"line":34,"column":26}},"loc":{"start":{"line":35,"column":12},"end":{"line":37,"column":null}},"line":35}},"branchMap":{"0":{"loc":{"start":{"line":18,"column":9},"end":{"line":18,"column":null}},"type":"binary-expr","locations":[{"start":{"line":18,"column":9},"end":{"line":18,"column":27}},{"start":{"line":18,"column":27},"end":{"line":18,"column":null}}],"line":18}},"s":{"0":3,"1":4,"2":4,"3":4,"4":4},"f":{"0":4,"1":4,"2":4},"b":{"0":[4,0]},"meta":{"lastBranch":1,"lastFunction":3,"lastStatement":5,"seen":{"s:9:42:15:Infinity":0,"f:17:9:17:21":0,"s:18:2:18:Infinity":1,"b:18:9:18:27:18:27:18:Infinity":0,"f:21:16:21:28":1,"s:22:15:22:Infinity":2,"s:24:2:46:Infinity":3,"f:34:25:34:26":2,"s:35:12:37:Infinity":4}}}
,"/Volumes/T9 APFS/code/acm/poc/src/components/ContentLibrary/ContentLibrary.tsx": {"path":"/Volumes/T9 APFS/code/acm/poc/src/components/ContentLibrary/ContentLibrary.tsx","statementMap":{"0":{"start":{"line":13,"column":2},"end":{"line":34,"column":null}},"1":{"start":{"line":25,"column":10},"end":{"line":25,"column":null}},"2":{"start":{"line":31,"column":10},"end":{"line":31,"column":null}}},"fnMap":{"0":{"name":"ContentLibrary","decl":{"start":{"line":12,"column":16},"end":{"line":12,"column":31}},"loc":{"start":{"line":12,"column":77},"end":{"line":36,"column":null}},"line":12},"1":{"name":"(anonymous_1)","decl":{"start":{"line":24,"column":24},"end":{"line":24,"column":25}},"loc":{"start":{"line":25,"column":10},"end":{"line":25,"column":null}},"line":25},"2":{"name":"(anonymous_2)","decl":{"start":{"line":30,"column":21},"end":{"line":30,"column":22}},"loc":{"start":{"line":31,"column":10},"end":{"line":31,"column":null}},"line":31}},"branchMap":{},"s":{"0":2,"1":1,"2":1},"f":{"0":2,"1":1,"2":1},"b":{},"meta":{"lastBranch":0,"lastFunction":3,"lastStatement":3,"seen":{"f:12:16:12:31":0,"s:13:2:34:Infinity":0,"f:24:24:24:25":1,"s:25:10:25:Infinity":1,"f:30:21:30:22":2,"s:31:10:31:Infinity":2}}}
,"/Volumes/T9 APFS/code/acm/poc/src/components/Header/Header.tsx": {"path":"/Volumes/T9 APFS/code/acm/poc/src/components/Header/Header.tsx","statementMap":{"0":{"start":{"line":6,"column":18},"end":{"line":13,"column":null}},"1":{"start":{"line":20,"column":8},"end":{"line":20,"column":null}},"2":{"start":{"line":22,"column":2},"end":{"line":58,"column":null}},"3":{"start":{"line":32,"column":10},"end":{"line":38,"column":null}}},"fnMap":{"0":{"name":"Header","decl":{"start":{"line":19,"column":16},"end":{"line":19,"column":23}},"loc":{"start":{"line":19,"column":46},"end":{"line":60,"column":null}},"line":19},"1":{"name":"(anonymous_1)","decl":{"start":{"line":31,"column":23},"end":{"line":31,"column":24}},"loc":{"start":{"line":32,"column":10},"end":{"line":38,"column":null}},"line":32}},"branchMap":{"0":{"loc":{"start":{"line":35,"column":31},"end":{"line":35,"column":71}},"type":"cond-expr","locations":[{"start":{"line":35,"column":58},"end":{"line":35,"column":69}},{"start":{"line":35,"column":69},"end":{"line":35,"column":71}}],"line":35},"1":{"loc":{"start":{"line":54,"column":13},"end":{"line":54,"column":null}},"type":"binary-expr","locations":[{"start":{"line":54,"column":13},"end":{"line":54,"column":38}},{"start":{"line":54,"column":38},"end":{"line":54,"column":null}}],"line":54}},"s":{"0":2,"1":3,"2":3,"3":18},"f":{"0":3,"1":18},"b":{"0":[3,15],"1":[3,0]},"meta":{"lastBranch":2,"lastFunction":2,"lastStatement":4,"seen":{"s:6:18:13:Infinity":0,"f:19:16:19:23":0,"s:20:8:20:Infinity":1,"s:22:2:58:Infinity":2,"f:31:23:31:24":1,"s:32:10:38:Infinity":3,"b:35:58:35:69:35:69:35:71":0,"b:54:13:54:38:54:38:54:Infinity":1}}}
,"/Volumes/T9 APFS/code/acm/poc/src/components/Layout/Layout.tsx": {"path":"/Volumes/T9 APFS/code/acm/poc/src/components/Layout/Layout.tsx","statementMap":{"0":{"start":{"line":13,"column":2},"end":{"line":20,"column":null}}},"fnMap":{"0":{"name":"Layout","decl":{"start":{"line":12,"column":16},"end":{"line":12,"column":23}},"loc":{"start":{"line":12,"column":56},"end":{"line":22,"column":null}},"line":12}},"branchMap":{"0":{"loc":{"start":{"line":17,"column":9},"end":{"line":17,"column":null}},"type":"binary-expr","locations":[{"start":{"line":17,"column":9},"end":{"line":17,"column":21}},{"start":{"line":17,"column":21},"end":{"line":17,"column":null}}],"line":17}},"s":{"0":1},"f":{"0":1},"b":{"0":[1,0]},"meta":{"lastBranch":1,"lastFunction":1,"lastStatement":1,"seen":{"f:12:16:12:23":0,"s:13:2:20:Infinity":0,"b:17:9:17:21:17:21:17:Infinity":0}}}
,"/Volumes/T9 APFS/code/acm/poc/src/components/ScheduledItem/ScheduledItem.tsx": {"path":"/Volumes/T9 APFS/code/acm/poc/src/components/ScheduledItem/ScheduledItem.tsx","statementMap":{"0":{"start":{"line":9,"column":29},"end":{"line":9,"column":null}},"1":{"start":{"line":10,"column":2},"end":{"line":21,"column":null}}},"fnMap":{"0":{"name":"ScheduledItem","decl":{"start":{"line":8,"column":16},"end":{"line":8,"column":30}},"loc":{"start":{"line":8,"column":60},"end":{"line":23,"column":null}},"line":8}},"branchMap":{},"s":{"0":2,"1":2},"f":{"0":2},"b":{},"meta":{"lastBranch":0,"lastFunction":1,"lastStatement":2,"seen":{"f:8:16:8:30":0,"s:9:29:9:Infinity":0,"s:10:2:21:Infinity":1}}}
,"/Volumes/T9 APFS/code/acm/poc/src/components/TemplateCard/TemplateCard.tsx": {"path":"/Volumes/T9 APFS/code/acm/poc/src/components/TemplateCard/TemplateCard.tsx","statementMap":{"0":{"start":{"line":9,"column":42},"end":{"line":17,"column":null}},"1":{"start":{"line":20,"column":2},"end":{"line":20,"column":null}},"2":{"start":{"line":24,"column":2},"end":{"line":41,"column":null}},"3":{"start":{"line":35,"column":12},"end":{"line":37,"column":null}}},"fnMap":{"0":{"name":"getTagClass","decl":{"start":{"line":19,"column":9},"end":{"line":19,"column":21}},"loc":{"start":{"line":19,"column":42},"end":{"line":21,"column":null}},"line":19},"1":{"name":"TemplateCard","decl":{"start":{"line":23,"column":16},"end":{"line":23,"column":29}},"loc":{"start":{"line":23,"column":58},"end":{"line":43,"column":null}},"line":23},"2":{"name":"(anonymous_2)","decl":{"start":{"line":34,"column":25},"end":{"line":34,"column":26}},"loc":{"start":{"line":35,"column":12},"end":{"line":37,"column":null}},"line":35}},"branchMap":{"0":{"loc":{"start":{"line":20,"column":9},"end":{"line":20,"column":null}},"type":"binary-expr","locations":[{"start":{"line":20,"column":9},"end":{"line":20,"column":27}},{"start":{"line":20,"column":27},"end":{"line":20,"column":null}}],"line":20}},"s":{"0":3,"1":2,"2":3,"3":2},"f":{"0":2,"1":3,"2":2},"b":{"0":[2,0]},"meta":{"lastBranch":1,"lastFunction":3,"lastStatement":4,"seen":{"s:9:42:17:Infinity":0,"f:19:9:19:21":0,"s:20:2:20:Infinity":1,"b:20:9:20:27:20:27:20:Infinity":0,"f:23:16:23:29":1,"s:24:2:41:Infinity":2,"f:34:25:34:26":2,"s:35:12:37:Infinity":3}}}
,"/Volumes/T9 APFS/code/acm/poc/src/components/TemplatesSection/TemplatesSection.tsx": {"path":"/Volumes/T9 APFS/code/acm/poc/src/components/TemplatesSection/TemplatesSection.tsx","statementMap":{"0":{"start":{"line":13,"column":2},"end":{"line":34,"column":null}},"1":{"start":{"line":25,"column":10},"end":{"line":25,"column":null}},"2":{"start":{"line":31,"column":10},"end":{"line":31,"column":null}}},"fnMap":{"0":{"name":"TemplatesSection","decl":{"start":{"line":12,"column":16},"end":{"line":12,"column":33}},"loc":{"start":{"line":12,"column":81},"end":{"line":36,"column":null}},"line":12},"1":{"name":"(anonymous_1)","decl":{"start":{"line":24,"column":24},"end":{"line":24,"column":25}},"loc":{"start":{"line":25,"column":10},"end":{"line":25,"column":null}},"line":25},"2":{"name":"(anonymous_2)","decl":{"start":{"line":30,"column":21},"end":{"line":30,"column":22}},"loc":{"start":{"line":31,"column":10},"end":{"line":31,"column":null}},"line":31}},"branchMap":{},"s":{"0":2,"1":1,"2":1},"f":{"0":2,"1":1,"2":1},"b":{},"meta":{"lastBranch":0,"lastFunction":3,"lastStatement":3,"seen":{"f:12:16:12:33":0,"s:13:2:34:Infinity":0,"f:24:24:24:25":1,"s:25:10:25:Infinity":1,"f:30:21:30:22":2,"s:31:10:31:Infinity":2}}}
,"/Volumes/T9 APFS/code/acm/poc/src/components/WelcomeArea/WelcomeArea.tsx": {"path":"/Volumes/T9 APFS/code/acm/poc/src/components/WelcomeArea/WelcomeArea.tsx","statementMap":{"0":{"start":{"line":9,"column":2},"end":{"line":31,"column":null}}},"fnMap":{"0":{"name":"WelcomeArea","decl":{"start":{"line":8,"column":16},"end":{"line":8,"column":28}},"loc":{"start":{"line":8,"column":60},"end":{"line":33,"column":null}},"line":8}},"branchMap":{},"s":{"0":2},"f":{"0":2},"b":{},"meta":{"lastBranch":0,"lastFunction":1,"lastStatement":1,"seen":{"f:8:16:8:28":0,"s:9:2:31:Infinity":0}}}
,"/Volumes/T9 APFS/code/acm/poc/src/pages/Home/Home.tsx": {"path":"/Volumes/T9 APFS/code/acm/poc/src/pages/Home/Home.tsx","statementMap":{"0":{"start":{"line":9,"column":37},"end":{"line":9,"column":null}},"1":{"start":{"line":11,"column":2},"end":{"line":19,"column":null}},"2":{"start":{"line":12,"column":4},"end":{"line":17,"column":null}},"3":{"start":{"line":21,"column":2},"end":{"line":29,"column":null}},"4":{"start":{"line":22,"column":4},"end":{"line":27,"column":null}},"5":{"start":{"line":31,"column":2},"end":{"line":48,"column":null}}},"fnMap":{"0":{"name":"Home","decl":{"start":{"line":8,"column":16},"end":{"line":8,"column":23}},"loc":{"start":{"line":8,"column":23},"end":{"line":50,"column":null}},"line":8}},"branchMap":{"0":{"loc":{"start":{"line":11,"column":2},"end":{"line":19,"column":null}},"type":"if","locations":[{"start":{"line":11,"column":2},"end":{"line":19,"column":null}},{"start":{},"end":{}}],"line":11},"1":{"loc":{"start":{"line":21,"column":2},"end":{"line":29,"column":null}},"type":"if","locations":[{"start":{"line":21,"column":2},"end":{"line":29,"column":null}},{"start":{},"end":{}}],"line":21},"2":{"loc":{"start":{"line":21,"column":6},"end":{"line":21,"column":22}},"type":"binary-expr","locations":[{"start":{"line":21,"column":6},"end":{"line":21,"column":15}},{"start":{"line":21,"column":15},"end":{"line":21,"column":22}}],"line":21},"3":{"loc":{"start":{"line":25,"column":14},"end":{"line":25,"column":50}},"type":"binary-expr","locations":[{"start":{"line":25,"column":14},"end":{"line":25,"column":23}},{"start":{"line":25,"column":23},"end":{"line":25,"column":50}}],"line":25},"4":{"loc":{"start":{"line":33,"column":29},"end":{"line":33,"column":51}},"type":"binary-expr","locations":[{"start":{"line":33,"column":29},"end":{"line":33,"column":43}},{"start":{"line":33,"column":43},"end":{"line":33,"column":51}}],"line":33}},"s":{"0":3,"1":3,"2":1,"3":2,"4":1,"5":1},"f":{"0":3},"b":{"0":[1,2],"1":[1,1],"2":[2,1],"3":[1,0],"4":[1,0]},"meta":{"lastBranch":5,"lastFunction":1,"lastStatement":6,"seen":{"f:8:16:8:23":0,"s:9:37:9:Infinity":0,"b:11:2:19:Infinity:undefined:undefined:undefined:undefined":0,"s:11:2:19:Infinity":1,"s:12:4:17:Infinity":2,"b:21:2:29:Infinity:undefined:undefined:undefined:undefined":1,"s:21:2:29:Infinity":3,"b:21:6:21:15:21:15:21:22":2,"s:22:4:27:Infinity":4,"b:25:14:25:23:25:23:25:50":3,"s:31:2:48:Infinity":5,"b:33:29:33:43:33:43:33:51":4}}}
}
